<?xml version="1.0" encoding="UTF-8" ?>
<testsuite failures="0" time="0.426" errors="0" skipped="0" tests="3" name="mx.bigdata.anyobject.impl.JacksonJSONLoaderTest">
  <properties>
[...]
</properties>
  <testcase time="0.337" classname="mx.bigdata.anyobject.impl.JacksonJSONLoaderTest" name="testJSONData"/>
  <testcase time="0.015" classname="mx.bigdata.anyobject.impl.JacksonJSONLoaderTest" name="testJSONIterator"/>
  <testcase time="0.003" classname="mx.bigdata.anyobject.impl.JacksonJSONLoaderTest" name="testNumbers"/>
</testsuite>